{
  "RSpec": {
    "coverage": {
      "/Users/raj/src/rajkumar90/shopify-tools/app/controllers/home_controller.rb": {
        "lines": [
          1,
          1,
          null,
          null
        ]
      },
      "/Users/raj/src/rajkumar90/shopify-tools/app/controllers/application_controller.rb": {
        "lines": [
          1,
          null
        ]
      },
      "/Users/raj/src/rajkumar90/shopify-tools/app/channels/application_cable/channel.rb": {
        "lines": [
          0,
          0,
          0,
          0
        ],
        "branches": {}
      },
      "/Users/raj/src/rajkumar90/shopify-tools/app/channels/application_cable/connection.rb": {
        "lines": [
          0,
          0,
          0,
          0
        ],
        "branches": {}
      },
      "/Users/raj/src/rajkumar90/shopify-tools/app/helpers/application_helper.rb": {
        "lines": [
          0,
          0
        ],
        "branches": {}
      },
      "/Users/raj/src/rajkumar90/shopify-tools/app/helpers/home_helper.rb": {
        "lines": [
          0,
          0
        ],
        "branches": {}
      },
      "/Users/raj/src/rajkumar90/shopify-tools/app/jobs/application_job.rb": {
        "lines": [
          0,
          null,
          null,
          null,
          null,
          null,
          0
        ],
        "branches": {}
      },
      "/Users/raj/src/rajkumar90/shopify-tools/app/mailers/application_mailer.rb": {
        "lines": [
          0,
          0,
          0,
          0
        ],
        "branches": {}
      },
      "/Users/raj/src/rajkumar90/shopify-tools/app/models/application_record.rb": {
        "lines": [
          0,
          0,
          0
        ],
        "branches": {}
      }
    },
    "timestamp": 1748005896
  }
}
